<?xml version="1.0" encoding="UTF-8"?>
<testsuite name="EntryControllerTest" tests="17" skipped="0" failures="0" errors="0" timestamp="2025-04-13T18:01:23" hostname="Vikyathas-MacBook-Pro.local" time="0.039">
  <properties/>
  <testcase name="testAddInvestmentEntry()" classname="EntryControllerTest" time="0.011"/>
  <testcase name="testDeleteExpenseEntry()" classname="EntryControllerTest" time="0.001"/>
  <testcase name="testAddExpenseEntry()" classname="EntryControllerTest" time="0.001"/>
  <testcase name="testNegativeIncomeAmount()" classname="EntryControllerTest" time="0.001"/>
  <testcase name="testNegativeExpenseAmount()" classname="EntryControllerTest" time="0.001"/>
  <testcase name="testInvalidIncomeDateFormat()" classname="EntryControllerTest" time="0.005"/>
  <testcase name="testInvalidInvestmentCategory()" classname="EntryControllerTest" time="0.001"/>
  <testcase name="testDeleteInvestmentEntry()" classname="EntryControllerTest" time="0.0"/>
  <testcase name="testInvalidSavingsCategory()" classname="EntryControllerTest" time="0.002"/>
  <testcase name="testDeleteIncomeEntry()" classname="EntryControllerTest" time="0.001"/>
  <testcase name="testInvalidSavingsDate()" classname="EntryControllerTest" time="0.001"/>
  <testcase name="testDeleteSavingsEntry()" classname="EntryControllerTest" time="0.001"/>
  <testcase name="testInvalidIncomeCategoryThrowsException()" classname="EntryControllerTest" time="0.001"/>
  <testcase name="testInvalidExpenseCategoryThrowsException()" classname="EntryControllerTest" time="0.0"/>
  <testcase name="testAddSavingsEntry()" classname="EntryControllerTest" time="0.0"/>
  <testcase name="testMultipleValidEntries()" classname="EntryControllerTest" time="0.001"/>
  <testcase name="testAddIncomeEntry()" classname="EntryControllerTest" time="0.001"/>
  <system-out><![CDATA[Investment entry added for test@example.com
Expense entry added for test@example.com
Expense entry deleted for test@example.com
Expense entry added for test@example.com
Investment entry added for test@example.com
Investment entry deleted for test@example.com
Income entry added for test@example.com
Income entry deleted for test@example.com
Savings entry added for test@example.com
Savings entry deleted for test@example.com
Savings entry added for test@example.com
Income entry added for test@example.com
Income entry added for test@example.com
Expense entry added for test@example.com
Expense entry added for test@example.com
Income entry added for test@example.com
]]></system-out>
  <system-err><![CDATA[]]></system-err>
</testsuite>
